<?xml version="1.0" encoding="UTF-8"?>
<testng-results ignored="0" total="1" passed="1" failed="0" skipped="0">
  <reporter-output>
    <line>
      <![CDATA[Chrome browser opened.]]>
    </line>
    <line>
      <![CDATA[website opened.]]>
    </line>
    <line>
      <![CDATA[form fill complete.]]>
    </line>
  </reporter-output>
  <suite started-at="2022-07-26T15:44:57 IST" name="Suite" finished-at="2022-07-26T15:45:36 IST" duration-ms="39200">
    <groups>
    </groups>
    <test started-at="2022-07-26T15:44:57 IST" name="Test" finished-at="2022-07-26T15:45:36 IST" duration-ms="39200">
      <class name="TestNGReportDemo.TestNGReportExample">
        <test-method signature="contactForm()[pri:0, instance:TestNGReportDemo.TestNGReportExample@3c0be339]" started-at="2022-07-26T15:44:57 IST" name="contactForm" finished-at="2022-07-26T15:45:36 IST" duration-ms="39137" status="PASS">
          <reporter-output>
            <line>
              <![CDATA[Chrome browser opened.]]>
            </line>
            <line>
              <![CDATA[website opened.]]>
            </line>
            <line>
              <![CDATA[form fill complete.]]>
            </line>
          </reporter-output>
        </test-method> <!-- contactForm -->
      </class> <!-- TestNGReportDemo.TestNGReportExample -->
    </test> <!-- Test -->
  </suite> <!-- Suite -->
</testng-results>
